c:\works\suyoungbaek\day39\20240605_01\maze\x64\debug\vc143.pdb
c:\works\suyoungbaek\day39\20240605_01\maze\x64\debug\vc143.idb
c:\works\suyoungbaek\day39\20240605_01\maze\x64\debug\vector2int.obj
c:\works\suyoungbaek\day39\20240605_01\maze\x64\debug\maze.obj
c:\works\suyoungbaek\day39\20240605_01\maze\x64\debug\consolehelper.obj
c:\works\suyoungbaek\day39\20240605_01\maze\x64\debug\maze.pch
c:\works\suyoungbaek\day39\20240605_01\maze\x64\debug\pch.obj
c:\works\suyoungbaek\day39\20240605_01\maze\x64\debug\board.obj
c:\users\user\documents\github\sbs_202402\day39\maze\x64\debug\maze.pch
c:\users\user\documents\github\sbs_202402\day39\maze\x64\debug\vc143.pdb
c:\users\user\documents\github\sbs_202402\day39\maze\x64\debug\vc143.idb
c:\users\user\documents\github\sbs_202402\day39\maze\x64\debug\pch.obj
c:\works\suyoungbaek\day39\20240605_01\x64\debug\maze.exe
c:\works\suyoungbaek\day39\20240605_01\x64\debug\maze.pdb
c:\works\suyoungbaek\day39\20240605_01\maze\x64\debug\maze.ilk
c:\users\user\documents\github\sbs_202402\day39\maze\x64\debug\board.obj
c:\users\user\documents\github\sbs_202402\day39\maze\x64\debug\consolehelper.obj
c:\users\user\documents\github\sbs_202402\day39\maze\x64\debug\maze.obj
c:\users\user\documents\github\sbs_202402\day39\maze\x64\debug\vector2int.obj
c:\users\user\documents\github\sbs_202402\day39\maze\x64\debug\maze.ilk
c:\users\user\documents\github\sbs_202402\day39\maze\x64\debug\maze.tlog\cl.command.1.tlog
c:\users\user\documents\github\sbs_202402\day39\maze\x64\debug\maze.tlog\cl.items.tlog
c:\users\user\documents\github\sbs_202402\day39\maze\x64\debug\maze.tlog\cl.read.1.tlog
c:\users\user\documents\github\sbs_202402\day39\maze\x64\debug\maze.tlog\cl.write.1.tlog
c:\users\user\documents\github\sbs_202402\day39\maze\x64\debug\maze.tlog\link.command.1.tlog
c:\users\user\documents\github\sbs_202402\day39\maze\x64\debug\maze.tlog\link.read.1.tlog
c:\users\user\documents\github\sbs_202402\day39\maze\x64\debug\maze.tlog\link.secondary.1.tlog
c:\users\user\documents\github\sbs_202402\day39\maze\x64\debug\maze.tlog\link.write.1.tlog
